2020-02-08 03:58:19 +0000  Initial pipeline context: <IDEDistributionProcessingPipelineContext: 0x7fc7d5205280; archive(resolved)='<IDEArchive: 0x7fc7d3fd20f0>', distributionTask(resolved)='2', distributionDestination(resolved)='1', distributionMethod(resolved)='<IDEDistributionMethodiOSEnterprise: 0x7fc7d3fe3110>', team(resolved)='<IDEProvisioningDisambiguatableBasicTeam: 0x7fc7cd048760; teamID='C43ULWJ628', teamName='Renascent Inc.', teamType='Enterprise', username='appledev@renascentinc.com', isFreeProvisioningTeam='0'>'>
	Chain (13, self inclusive):
	<IDEDistributionProcessingPipelineContext: 0x7fc7d5205280; archive = '<IDEArchive: 0x7fc7d3fd20f0>', distributionMethod='<IDEDistributionMethodiOSEnterprise: 0x7fc7d3fe3110>', team='<IDEProvisioningDisambiguatableBasicTeam: 0x7fc7cd048760; teamID='C43ULWJ628', teamName='Renascent Inc.', teamType='Enterprise', username='appledev@renascentinc.com', isFreeProvisioningTeam='0'>'>
	<IDEDistributionProcessingPipelineContext: 0x7fc7d55464b0; archive = '<IDEArchive: 0x7fc7d3fd20f0>', distributionMethod='<IDEDistributionMethodiOSEnterprise: 0x7fc7d3fe3110>', team='<IDEProvisioningDisambiguatableBasicTeam: 0x7fc7cd048760; teamID='C43ULWJ628', teamName='Renascent Inc.', teamType='Enterprise', username='appledev@renascentinc.com', isFreeProvisioningTeam='0'>'>
	<IDEDistributionContext: 0x7fc7cf82e230; archive = '<IDEArchive: 0x7fc7d3fd20f0>', distributionMethod='<IDEDistributionMethodiOSEnterprise: 0x7fc7d3fe3110>', team='<IDEProvisioningDisambiguatableBasicTeam: 0x7fc7cd048760; teamID='C43ULWJ628', teamName='Renascent Inc.', teamType='Enterprise', username='appledev@renascentinc.com', isFreeProvisioningTeam='0'>'>
	<IDEDistributionContext: 0x7fc7d6295100; archive = '<IDEArchive: 0x7fc7d3fd20f0>', distributionMethod='<IDEDistributionMethodiOSEnterprise: 0x7fc7d3fe3110>', team='<IDEProvisioningDisambiguatableBasicTeam: 0x7fc7cd048760; teamID='C43ULWJ628', teamName='Renascent Inc.', teamType='Enterprise', username='appledev@renascentinc.com', isFreeProvisioningTeam='0'>'>
	<IDEDistributionContext: 0x7fc7d5555bd0; archive = '<IDEArchive: 0x7fc7d3fd20f0>', distributionMethod='<IDEDistributionMethodiOSEnterprise: 0x7fc7d3fe3110>', team='<IDEProvisioningDisambiguatableBasicTeam: 0x7fc7cd048760; teamID='C43ULWJ628', teamName='Renascent Inc.', teamType='Enterprise', username='appledev@renascentinc.com', isFreeProvisioningTeam='0'>'>
	<IDEDistributionContext: 0x7fc7d55492a0; archive = '<IDEArchive: 0x7fc7d3fd20f0>', distributionMethod='<IDEDistributionMethodiOSEnterprise: 0x7fc7d3fe3110>', team='<IDEProvisioningDisambiguatableBasicTeam: 0x7fc7cd048760; teamID='C43ULWJ628', teamName='Renascent Inc.', teamType='Enterprise', username='appledev@renascentinc.com', isFreeProvisioningTeam='0'>'>
	<IDEDistributionContext: 0x7fc7d52acd40; archive = '<IDEArchive: 0x7fc7d3fd20f0>', distributionMethod='<IDEDistributionMethodiOSEnterprise: 0x7fc7d3fe3110>', team='<IDEProvisioningDisambiguatableBasicTeam: 0x7fc7cd048760; teamID='C43ULWJ628', teamName='Renascent Inc.', teamType='Enterprise', username='appledev@renascentinc.com', isFreeProvisioningTeam='0'>'>
	<IDEDistributionContext: 0x7fc7ccf65e80; archive = '<IDEArchive: 0x7fc7d3fd20f0>', distributionMethod='<IDEDistributionMethodiOSEnterprise: 0x7fc7d3fe3110>', team='<IDEProvisioningDisambiguatableBasicTeam: 0x7fc7cd048760; teamID='C43ULWJ628', teamName='Renascent Inc.', teamType='Enterprise', username='appledev@renascentinc.com', isFreeProvisioningTeam='0'>'>
	<IDEDistributionContext: 0x7fc7c926ad80; archive = '<IDEArchive: 0x7fc7d3fd20f0>', distributionMethod='<IDEDistributionMethodiOSEnterprise: 0x7fc7d3fe3110>', team='<IDEProvisioningDisambiguatableBasicTeam: 0x7fc7cd048760; teamID='C43ULWJ628', teamName='Renascent Inc.', teamType='Enterprise', username='appledev@renascentinc.com', isFreeProvisioningTeam='0'>'>
	<IDEDistributionContext: 0x7fc7d554ec20; archive = '<IDEArchive: 0x7fc7d3fd20f0>', distributionMethod='<IDEDistributionMethodiOSEnterprise: 0x7fc7d3fe3110>', team='(null)'>
	<IDEDistributionContext: 0x7fc7d55482f0; archive = '<IDEArchive: 0x7fc7d3fd20f0>', distributionMethod='<IDEDistributionMethodiOSEnterprise: 0x7fc7d3fe3110>', team='(null)'>
	<IDEDistributionContext: 0x7fc7d0ebed70; archive = '<IDEArchive: 0x7fc7d3fd20f0>', distributionMethod='<IDEDistributionMethodiOSEnterprise: 0x7fc7d3fe3110>', team='(null)'>
	<IDEDistributionContext: 0x7fc7d52db2c0; archive = '<IDEArchive: 0x7fc7d3fd20f0>', distributionMethod='(null)', team='(null)'>
</IDEDistributionProcessingPipelineContext: 0x7fc7d5205280>
2020-02-08 03:58:19 +0000  Processing step: IDEDistributionCreateDestRootStep
2020-02-08 03:58:19 +0000  Processing step: IDEDistributionCopyItemStep
2020-02-08 03:58:19 +0000  Running /usr/bin/ditto '-V' '/Users/Amos/Library/Developer/Xcode/Archives/2020-02-07/RETINA 2-7-20, 22.57.xcarchive/Products/Applications/RETINA.app' '/var/folders/8p/d7bqr8cs61vbd2hy_smjtjlr0000gn/T/XcodeDistPipeline.~~~IFPDoS/Root/Payload/RETINA.app'
2020-02-08 03:58:19 +0000  >>> Copying /Users/Amos/Library/Developer/Xcode/Archives/2020-02-07/RETINA 2-7-20, 22.57.xcarchive/Products/Applications/RETINA.app 
2020-02-08 03:58:19 +0000  copying file ./_CodeSignature/CodeResources ... 
2020-02-08 03:58:19 +0000  28649 bytes for ./_CodeSignature/CodeResources
2020-02-08 03:58:19 +0000  copying file ./LaunchImage-1100-Portrait-2436h@3x.png ... 
2020-02-08 03:58:19 +0000  55224 bytes for ./LaunchImage-1100-Portrait-2436h@3x.png
copying file ./LaunchImage@2x.png ... 
2020-02-08 03:58:19 +0000  16262 bytes for ./LaunchImage@2x.png
2020-02-08 03:58:19 +0000  copying file ./RETINA ... 
2020-02-08 03:58:19 +0000  550816 bytes for ./RETINA
2020-02-08 03:58:19 +0000  copying file ./AppIcon20x20@2x.png ... 
2020-02-08 03:58:19 +0000  1664 bytes for ./AppIcon20x20@2x.png
2020-02-08 03:58:19 +0000  copying file ./MainViewController.nib/objects-13.0+.nib ... 
2020-02-08 03:58:19 +0000  980 bytes for ./MainViewController.nib/objects-13.0+.nib
2020-02-08 03:58:19 +0000  copying file ./MainViewController.nib/runtime.nib ... 
2020-02-08 03:58:19 +0000  980 bytes for ./MainViewController.nib/runtime.nib
2020-02-08 03:58:19 +0000  copying file ./AppIcon57x57.png ... 
2020-02-08 03:58:19 +0000  2659 bytes for ./AppIcon57x57.png
2020-02-08 03:58:19 +0000  copying file ./AppIcon20x20@3x.png ... 
2020-02-08 03:58:19 +0000  2771 bytes for ./AppIcon20x20@3x.png
2020-02-08 03:58:19 +0000  copying file ./AppIcon29x29.png ... 
2020-02-08 03:58:19 +0000  1322 bytes for ./AppIcon29x29.png
copying file ./LaunchImage-568h@2x.png ... 
2020-02-08 03:58:19 +0000  19410 bytes for ./LaunchImage-568h@2x.png
2020-02-08 03:58:19 +0000  copying file ./AppIcon60x60@2x.png ... 
2020-02-08 03:58:19 +0000  5849 bytes for ./AppIcon60x60@2x.png
2020-02-08 03:58:19 +0000  copying file ./AppIcon72x72@2x~ipad.png ... 
2020-02-08 03:58:19 +0000  7017 bytes for ./AppIcon72x72@2x~ipad.png
2020-02-08 03:58:19 +0000  copying file ./AppIcon29x29@2x.png ... 
2020-02-08 03:58:19 +0000  2698 bytes for ./AppIcon29x29@2x.png
2020-02-08 03:58:19 +0000  copying file ./LaunchImage-1100-Landscape-2436h@3x.png ... 
2020-02-08 03:58:19 +0000  53986 bytes for ./LaunchImage-1100-Landscape-2436h@3x.png
copying file ./LaunchImage-800-667h@2x.png ... 
2020-02-08 03:58:19 +0000  23857 bytes for ./LaunchImage-800-667h@2x.png
copying file ./LaunchImage-Portrait@2x~ipad.png ... 
2020-02-08 03:58:19 +0000  45962 bytes for ./LaunchImage-Portrait@2x~ipad.png
copying file ./AppIcon40x40@3x.png ... 
2020-02-08 03:58:19 +0000  5849 bytes for ./AppIcon40x40@3x.png
copying file ./AppIcon57x57@2x.png ... 
2020-02-08 03:58:19 +0000  5538 bytes for ./AppIcon57x57@2x.png
2020-02-08 03:58:19 +0000  copying file ./AppIcon29x29~ipad.png ... 
2020-02-08 03:58:19 +0000  1322 bytes for ./AppIcon29x29~ipad.png
copying file ./AppIcon40x40@2x.png ... 
2020-02-08 03:58:19 +0000  4110 bytes for ./AppIcon40x40@2x.png
copying file ./LaunchImage-Portrait~ipad.png ... 
2020-02-08 03:58:19 +0000  18032 bytes for ./LaunchImage-Portrait~ipad.png
copying file ./AppIcon29x29@3x.png ... 
2020-02-08 03:58:19 +0000  4364 bytes for ./AppIcon29x29@3x.png
copying file ./AppIcon60x60@3x.png ... 
2020-02-08 03:58:19 +0000  8578 bytes for ./AppIcon60x60@3x.png
2020-02-08 03:58:19 +0000  copying file ./config.xml ... 
2020-02-08 03:58:19 +0000  3707 bytes for ./config.xml
2020-02-08 03:58:19 +0000  copying file ./www/index.html ... 
2020-02-08 03:58:19 +0000  1989 bytes for ./www/index.html
2020-02-08 03:58:19 +0000  copying file ./www/cordova.js ... 
2020-02-08 03:58:19 +0000  69177 bytes for ./www/cordova.js
2020-02-08 03:58:19 +0000  copying file ./www/css/app.1bd19ddc.css ... 
2020-02-08 03:58:19 +0000  73693 bytes for ./www/css/app.1bd19ddc.css
2020-02-08 03:58:19 +0000  copying file ./www/css/chunk-vendors.d4504d4a.css ... 
2020-02-08 03:58:19 +0000  39790 bytes for ./www/css/chunk-vendors.d4504d4a.css
2020-02-08 03:58:19 +0000  copying file ./www/plugins/cordova-plugin-printer/www/printer.js ... 
2020-02-08 03:58:19 +0000  4961 bytes for ./www/plugins/cordova-plugin-printer/www/printer.js
2020-02-08 03:58:19 +0000  copying file ./www/plugins/cordova-plugin-device/www/device.js ... 
2020-02-08 03:58:19 +0000  3070 bytes for ./www/plugins/cordova-plugin-device/www/device.js
2020-02-08 03:58:19 +0000  copying file ./www/plugins/phonegap-nfc/www/phonegap-nfc.js ... 
2020-02-08 03:58:19 +0000  27356 bytes for ./www/plugins/phonegap-nfc/www/phonegap-nfc.js
2020-02-08 03:58:19 +0000  copying file ./www/plugins/cordova-plugin-statusbar/www/statusbar.js ... 
2020-02-08 03:58:19 +0000  3489 bytes for ./www/plugins/cordova-plugin-statusbar/www/statusbar.js
2020-02-08 03:58:19 +0000  copying file ./www/plugins/cordova-plugin-splashscreen/www/splashscreen.js ... 
2020-02-08 03:58:19 +0000  1206 bytes for ./www/plugins/cordova-plugin-splashscreen/www/splashscreen.js
2020-02-08 03:58:19 +0000  copying file ./www/js/chunk-vendors.f21fb1f1.js ... 
2020-02-08 03:58:19 +0000  1499522 bytes for ./www/js/chunk-vendors.f21fb1f1.js
2020-02-08 03:58:19 +0000  copying file ./www/js/chunk-vendors.f21fb1f1.js.map ... 
2020-02-08 03:58:19 +0000  4839572 bytes for ./www/js/chunk-vendors.f21fb1f1.js.map
2020-02-08 03:58:19 +0000  copying file ./www/js/app.3ffc9ed7.js.map ... 
2020-02-08 03:58:19 +0000  586009 bytes for ./www/js/app.3ffc9ed7.js.map
2020-02-08 03:58:19 +0000  copying file ./www/js/app.3ffc9ed7.js ... 
2020-02-08 03:58:19 +0000  178445 bytes for ./www/js/app.3ffc9ed7.js
2020-02-08 03:58:19 +0000  copying file ./www/precache-manifest.94bba5155d199b1a0287d762df053211.js ... 
2020-02-08 03:58:19 +0000  1590 bytes for ./www/precache-manifest.94bba5155d199b1a0287d762df053211.js
2020-02-08 03:58:19 +0000  copying file ./www/img/red_transparent_512x512.e59d660a.png ... 
2020-02-08 03:58:19 +0000  72668 bytes for ./www/img/red_transparent_512x512.e59d660a.png
copying file ./www/img/nfc.38d87468.svg ... 
2020-02-08 03:58:19 +0000  388 bytes for ./www/img/nfc.38d87468.svg
2020-02-08 03:58:19 +0000  copying file ./www/static/white_192x192.png ... 
2020-02-08 03:58:19 +0000  17834 bytes for ./www/static/white_192x192.png
copying file ./www/static/icon-ios.png ... 
2020-02-08 03:58:19 +0000  55904 bytes for ./www/static/icon-ios.png
2020-02-08 03:58:19 +0000  copying file ./www/static/icon-android.png ... 
2020-02-08 03:58:19 +0000  75733 bytes for ./www/static/icon-android.png
2020-02-08 03:58:19 +0000  copying file ./www/static/red_transparent_512x512.svg ... 
2020-02-08 03:58:19 +0000  98666 bytes for ./www/static/red_transparent_512x512.svg
2020-02-08 03:58:19 +0000  copying file ./www/static/white_512x512.png ... 
2020-02-08 03:58:19 +0000  47082 bytes for ./www/static/white_512x512.png
2020-02-08 03:58:19 +0000  copying file ./www/static/red_transparent_32x32.png ... 
2020-02-08 03:58:19 +0000  3194 bytes for ./www/static/red_transparent_32x32.png
2020-02-08 03:58:19 +0000  copying file ./www/static/white_transparent_512x512.png ... 
2020-02-08 03:58:19 +0000  46962 bytes for ./www/static/white_transparent_512x512.png
2020-02-08 03:58:19 +0000  copying file ./www/static/red_transparent_512x512.png ... 
2020-02-08 03:58:19 +0000  72668 bytes for ./www/static/red_transparent_512x512.png
2020-02-08 03:58:19 +0000  copying file ./www/static/launch.png ... 
2020-02-08 03:58:19 +0000  55526 bytes for ./www/static/launch.png
2020-02-08 03:58:19 +0000  copying file ./www/cordova-js-src/exec.js ... 
2020-02-08 03:58:19 +0000  8877 bytes for ./www/cordova-js-src/exec.js
2020-02-08 03:58:19 +0000  copying file ./www/cordova-js-src/plugin/ios/logger.js ... 
2020-02-08 03:58:19 +0000  10233 bytes for ./www/cordova-js-src/plugin/ios/logger.js
2020-02-08 03:58:19 +0000  copying file ./www/cordova-js-src/plugin/ios/console.js ... 
2020-02-08 03:58:19 +0000  6822 bytes for ./www/cordova-js-src/plugin/ios/console.js
2020-02-08 03:58:19 +0000  copying file ./www/cordova-js-src/platform.js ... 
2020-02-08 03:58:19 +0000  1168 bytes for ./www/cordova-js-src/platform.js
2020-02-08 03:58:19 +0000  copying file ./www/manifest.json ... 
2020-02-08 03:58:19 +0000  406 bytes for ./www/manifest.json
2020-02-08 03:58:19 +0000  copying file ./www/cordova_plugins.js ... 
2020-02-08 03:58:19 +0000  1468 bytes for ./www/cordova_plugins.js
2020-02-08 03:58:19 +0000  copying file ./www/service-worker.js ... 
2020-02-08 03:58:19 +0000  962 bytes for ./www/service-worker.js
2020-02-08 03:58:19 +0000  copying file ./LaunchImage-Landscape~ipad.png ... 
2020-02-08 03:58:19 +0000  18006 bytes for ./LaunchImage-Landscape~ipad.png
2020-02-08 03:58:19 +0000  copying file ./LaunchImage-700-Portrait~ipad.png ... 
2020-02-08 03:58:19 +0000  18032 bytes for ./LaunchImage-700-Portrait~ipad.png
2020-02-08 03:58:19 +0000  copying file ./Assets.car ... 
2020-02-08 03:58:19 +0000  222328 bytes for ./Assets.car
2020-02-08 03:58:19 +0000  copying file ./AppIcon40x40@2x~ipad.png ... 
2020-02-08 03:58:19 +0000  4110 bytes for ./AppIcon40x40@2x~ipad.png
copying file ./AppIcon76x76@2x~ipad.png ... 
2020-02-08 03:58:19 +0000  7367 bytes for ./AppIcon76x76@2x~ipad.png
2020-02-08 03:58:19 +0000  copying file ./LaunchImage-800-Portrait-736h@3x.png ... 
2020-02-08 03:58:19 +0000  40508 bytes for ./LaunchImage-800-Portrait-736h@3x.png
2020-02-08 03:58:19 +0000  copying file ./AppIcon72x72~ipad.png ... 
2020-02-08 03:58:19 +0000  3646 bytes for ./AppIcon72x72~ipad.png
2020-02-08 03:58:19 +0000  copying file ./CDVLaunchScreen.storyboardc/01J-lp-oVM-view-Ze5-6b-2t3.nib/objects-13.0+.nib ... 
2020-02-08 03:58:19 +0000  2331 bytes for ./CDVLaunchScreen.storyboardc/01J-lp-oVM-view-Ze5-6b-2t3.nib/objects-13.0+.nib
2020-02-08 03:58:19 +0000  copying file ./CDVLaunchScreen.storyboardc/01J-lp-oVM-view-Ze5-6b-2t3.nib/runtime.nib ... 
2020-02-08 03:58:19 +0000  2326 bytes for ./CDVLaunchScreen.storyboardc/01J-lp-oVM-view-Ze5-6b-2t3.nib/runtime.nib
2020-02-08 03:58:19 +0000  copying file ./CDVLaunchScreen.storyboardc/UIViewController-01J-lp-oVM.nib/objects-13.0+.nib ... 
2020-02-08 03:58:19 +0000  896 bytes for ./CDVLaunchScreen.storyboardc/UIViewController-01J-lp-oVM.nib/objects-13.0+.nib
2020-02-08 03:58:19 +0000  copying file ./CDVLaunchScreen.storyboardc/UIViewController-01J-lp-oVM.nib/runtime.nib ... 
2020-02-08 03:58:19 +0000  896 bytes for ./CDVLaunchScreen.storyboardc/UIViewController-01J-lp-oVM.nib/runtime.nib
2020-02-08 03:58:19 +0000  copying file ./CDVLaunchScreen.storyboardc/Info.plist ... 
2020-02-08 03:58:19 +0000  258 bytes for ./CDVLaunchScreen.storyboardc/Info.plist
2020-02-08 03:58:19 +0000  copying file ./LaunchImage-700@2x.png ... 
2020-02-08 03:58:19 +0000  16262 bytes for ./LaunchImage-700@2x.png
2020-02-08 03:58:19 +0000  copying file ./AppIcon83.5x83.5@2x~ipad.png ... 
2020-02-08 03:58:19 +0000  7935 bytes for ./AppIcon83.5x83.5@2x~ipad.png
2020-02-08 03:58:19 +0000  copying file ./LaunchImage-700-568h@2x.png ... 
2020-02-08 03:58:19 +0000  19410 bytes for ./LaunchImage-700-568h@2x.png
copying file ./LaunchImage-Landscape@2x~ipad.png ... 
2020-02-08 03:58:19 +0000  45763 bytes for ./LaunchImage-Landscape@2x~ipad.png
2020-02-08 03:58:19 +0000  copying file ./AppIcon50x50~ipad.png ... 
2020-02-08 03:58:19 +0000  2381 bytes for ./AppIcon50x50~ipad.png
2020-02-08 03:58:19 +0000  copying file ./AppIcon29x29@2x~ipad.png ... 
2020-02-08 03:58:19 +0000  2698 bytes for ./AppIcon29x29@2x~ipad.png
2020-02-08 03:58:19 +0000  copying file ./LaunchImage-700-Landscape@2x~ipad.png ... 
2020-02-08 03:58:19 +0000  45763 bytes for ./LaunchImage-700-Landscape@2x~ipad.png
2020-02-08 03:58:19 +0000  copying file ./AppIcon50x50@2x~ipad.png ... 
2020-02-08 03:58:19 +0000  4912 bytes for ./AppIcon50x50@2x~ipad.png
2020-02-08 03:58:19 +0000  copying file ./AppIcon40x40~ipad.png ... 
2020-02-08 03:58:19 +0000  1664 bytes for ./AppIcon40x40~ipad.png
2020-02-08 03:58:19 +0000  copying file ./AppIcon20x20~ipad.png ... 
2020-02-08 03:58:19 +0000  966 bytes for ./AppIcon20x20~ipad.png
2020-02-08 03:58:19 +0000  copying file ./LaunchImage.png ... 
2020-02-08 03:58:19 +0000  7191 bytes for ./LaunchImage.png
copying file ./embedded.mobileprovision ... 
2020-02-08 03:58:19 +0000  7430 bytes for ./embedded.mobileprovision
2020-02-08 03:58:19 +0000  copying file ./LaunchImage-800-Landscape-736h@3x.png ... 
2020-02-08 03:58:19 +0000  39900 bytes for ./LaunchImage-800-Landscape-736h@3x.png
2020-02-08 03:58:19 +0000  copying file ./LaunchImage-700-Portrait@2x~ipad.png ... 
2020-02-08 03:58:19 +0000  45962 bytes for ./LaunchImage-700-Portrait@2x~ipad.png
2020-02-08 03:58:19 +0000  copying file ./LaunchImage-700-Landscape~ipad.png ... 
2020-02-08 03:58:19 +0000  18006 bytes for ./LaunchImage-700-Landscape~ipad.png
copying file ./AppIcon20x20@2x~ipad.png ... 
2020-02-08 03:58:19 +0000  1664 bytes for ./AppIcon20x20@2x~ipad.png
2020-02-08 03:58:19 +0000  copying file ./Info.plist ... 
2020-02-08 03:58:19 +0000  2231 bytes for ./Info.plist
2020-02-08 03:58:19 +0000  copying file ./PkgInfo ... 
2020-02-08 03:58:19 +0000  8 bytes for ./PkgInfo
copying file ./AppIcon76x76~ipad.png ... 
2020-02-08 03:58:19 +0000  3842 bytes for ./AppIcon76x76~ipad.png
2020-02-08 03:58:19 +0000  /usr/bin/ditto exited with 0
2020-02-08 03:58:19 +0000  Processing step: IDEDistributionEmbedProfileStep
2020-02-08 03:58:19 +0000  Processing step: IDEDistributionAppThinningPlistStep
2020-02-08 03:58:19 +0000  Skipping step: IDEDistributionAppThinningPlistStep because it said so
2020-02-08 03:58:19 +0000  Processing step: IDEDistributionCompileBitcodeStep
2020-02-08 03:58:19 +0000  Skipping step: IDEDistributionCompileBitcodeStep because it said so
2020-02-08 03:58:19 +0000  Processing step: IDEDistributionCodeSlimmingStep
2020-02-08 03:58:19 +0000  Processing step: IDEDistributionCopyBCSymbolMapsStep
2020-02-08 03:58:19 +0000  Skipping step: IDEDistributionCopyBCSymbolMapsStep because it said so
2020-02-08 03:58:19 +0000  Processing step: IDEDistributionSymbolsStep
2020-02-08 03:58:19 +0000  Skipping step: IDEDistributionSymbolsStep because it said so
2020-02-08 03:58:19 +0000  Processing step: IDEDistributionAppThinningStep
2020-02-08 03:58:19 +0000  Skipping step: IDEDistributionAppThinningStep because it said so
2020-02-08 03:58:19 +0000  Processing step: IDEDistributionArchThinningStep
2020-02-08 03:58:19 +0000  Running /Applications/Xcode.app/Contents/Developer/Toolchains/XcodeDefault.xctoolchain/usr/bin/lipo '/var/folders/8p/d7bqr8cs61vbd2hy_smjtjlr0000gn/T/XcodeDistPipeline.~~~IFPDoS/Root/Payload/RETINA.app/RETINA' '-verify_arch' 'arm64e'
2020-02-08 03:58:19 +0000  /Applications/Xcode.app/Contents/Developer/Toolchains/XcodeDefault.xctoolchain/usr/bin/lipo exited with 1
2020-02-08 03:58:19 +0000  Skipping architecture thinning for item "RETINA" because arch "arm64e" wasn't found
2020-02-08 03:58:19 +0000  Processing step: IDEDistributionODRStep
2020-02-08 03:58:19 +0000  Processing step: IDEDistributionStripXattrsStep
2020-02-08 03:58:19 +0000  Running /usr/bin/xattr '-crs' '/var/folders/8p/d7bqr8cs61vbd2hy_smjtjlr0000gn/T/XcodeDistPipeline.~~~IFPDoS/Root/Payload/RETINA.app'
2020-02-08 03:58:20 +0000  /usr/bin/xattr exited with 0
2020-02-08 03:58:20 +0000  Processing step: IDEDistributionCodesignStep
2020-02-08 03:58:20 +0000  Entitlements for <IDEDistributionItem: 0x7fc7d61f0c30; bundleID='com.retinaenterprise.renascentinc', path='<DVTFilePath:0x7fc7d4224110:'/Users/Amos/Library/Developer/Xcode/Archives/2020-02-07/RETINA 2-7-20, 22.57.xcarchive/Products/Applications/RETINA.app'>', codeSigningInfo='<_DVTCodeSigningInformation_Path: 0x7fc7d5555e30; isSigned='1', isAdHocSigned='0', signingCertificate='<DVTSigningCertificate: 0x7fc7d5539460; name='iPhone Distribution: Renascent Inc.', hash='C3C8F622A287BCCBD2304FEBF246CED653948B9C', serialNumber='5594C1A9360A8069', certificateKinds='(
    "1.2.840.113635.100.6.1.4"
), issueDate='2019-01-18 05:57:17 +0000''>', entitlements='{
    "application-identifier" = "C43ULWJ628.com.retinaenterprise.renascentinc";
    "com.apple.developer.nfc.readersession.formats" =     (
        NDEF
    );
    "com.apple.developer.team-identifier" = C43ULWJ628;
    "get-task-allow" = 0;
}', teamID='C43ULWJ628', identifier='com.retinaenterprise.renascentinc', executablePath='<DVTFilePath:0x7fc7d18f2a80:'/Users/Amos/Library/Developer/Xcode/Archives/2020-02-07/RETINA 2-7-20, 22.57.xcarchive/Products/Applications/RETINA.app/RETINA'>', hardenedRuntime='0'>'>: {
    "application-identifier" = "C43ULWJ628.com.retinaenterprise.renascentinc";
    "com.apple.developer.nfc.readersession.formats" =     (
        NDEF
    );
    "com.apple.developer.team-identifier" = C43ULWJ628;
    "get-task-allow" = 0;
}
2020-02-08 03:58:20 +0000  Writing entitlements for <IDEDistributionItem: 0x7fc7d61f0c30; bundleID='com.retinaenterprise.renascentinc', path='<DVTFilePath:0x7fc7d4224110:'/Users/Amos/Library/Developer/Xcode/Archives/2020-02-07/RETINA 2-7-20, 22.57.xcarchive/Products/Applications/RETINA.app'>', codeSigningInfo='<_DVTCodeSigningInformation_Path: 0x7fc7d5555e30; isSigned='1', isAdHocSigned='0', signingCertificate='<DVTSigningCertificate: 0x7fc7ceba3570; name='iPhone Distribution: Renascent Inc.', hash='C3C8F622A287BCCBD2304FEBF246CED653948B9C', serialNumber='5594C1A9360A8069', certificateKinds='(
    "1.2.840.113635.100.6.1.4"
), issueDate='2019-01-18 05:57:17 +0000''>', entitlements='{
    "application-identifier" = "C43ULWJ628.com.retinaenterprise.renascentinc";
    "com.apple.developer.nfc.readersession.formats" =     (
        NDEF
    );
    "com.apple.developer.team-identifier" = C43ULWJ628;
    "get-task-allow" = 0;
}', teamID='C43ULWJ628', identifier='com.retinaenterprise.renascentinc', executablePath='<DVTFilePath:0x7fc7d18f2a80:'/Users/Amos/Library/Developer/Xcode/Archives/2020-02-07/RETINA 2-7-20, 22.57.xcarchive/Products/Applications/RETINA.app/RETINA'>', hardenedRuntime='0'>'> to: /var/folders/8p/d7bqr8cs61vbd2hy_smjtjlr0000gn/T/XcodeDistPipeline.~~~IFPDoS/entitlements~~~4RAgXu
2020-02-08 03:58:20 +0000  Running /usr/bin/codesign '-vvv' '--force' '--sign' 'C3C8F622A287BCCBD2304FEBF246CED653948B9C' '--entitlements' '/var/folders/8p/d7bqr8cs61vbd2hy_smjtjlr0000gn/T/XcodeDistPipeline.~~~IFPDoS/entitlements~~~4RAgXu' '--preserve-metadata=identifier,flags,runtime' '/var/folders/8p/d7bqr8cs61vbd2hy_smjtjlr0000gn/T/XcodeDistPipeline.~~~IFPDoS/Root/Payload/RETINA.app'
2020-02-08 03:58:20 +0000  /var/folders/8p/d7bqr8cs61vbd2hy_smjtjlr0000gn/T/XcodeDistPipeline.~~~IFPDoS/Root/Payload/RETINA.app: replacing existing signature
2020-02-08 03:58:28 +0000  /var/folders/8p/d7bqr8cs61vbd2hy_smjtjlr0000gn/T/XcodeDistPipeline.~~~IFPDoS/Root/Payload/RETINA.app: signed app bundle with Mach-O universal (armv7 arm64) [com.retinaenterprise.renascentinc]
2020-02-08 03:58:28 +0000  
2020-02-08 03:58:28 +0000  /usr/bin/codesign exited with 0
2020-02-08 03:58:28 +0000  Processing step: IDEDistributionZipODRItemStep
2020-02-08 03:58:28 +0000  Skipping step: IDEDistributionZipODRItemStep because it said so
2020-02-08 03:58:28 +0000  Processing step: IDEDistributionCreateIPAStep
2020-02-08 03:58:28 +0000  Running /usr/bin/ditto '-V' '-c' '-k' '--norsrc' '/var/folders/8p/d7bqr8cs61vbd2hy_smjtjlr0000gn/T/XcodeDistPipeline.~~~IFPDoS/Root' '/var/folders/8p/d7bqr8cs61vbd2hy_smjtjlr0000gn/T/XcodeDistPipeline.~~~IFPDoS/Packages/RETINA.ipa'
2020-02-08 03:58:28 +0000  >>> Copying /var/folders/8p/d7bqr8cs61vbd2hy_smjtjlr0000gn/T/XcodeDistPipeline.~~~IFPDoS/Root 
2020-02-08 03:58:28 +0000  copying file ./Payload/RETINA.app/_CodeSignature/CodeResources ... 
2020-02-08 03:58:28 +0000  28649 bytes for ./Payload/RETINA.app/_CodeSignature/CodeResources
2020-02-08 03:58:28 +0000  copying file ./Payload/RETINA.app/LaunchImage-1100-Portrait-2436h@3x.png ... 
2020-02-08 03:58:28 +0000  55224 bytes for ./Payload/RETINA.app/LaunchImage-1100-Portrait-2436h@3x.png
copying file ./Payload/RETINA.app/LaunchImage@2x.png ... 
2020-02-08 03:58:28 +0000  16262 bytes for ./Payload/RETINA.app/LaunchImage@2x.png
2020-02-08 03:58:28 +0000  copying file ./Payload/RETINA.app/RETINA ... 
2020-02-08 03:58:28 +0000  550816 bytes for ./Payload/RETINA.app/RETINA
copying file ./Payload/RETINA.app/AppIcon20x20@2x.png ... 
2020-02-08 03:58:28 +0000  1664 bytes for ./Payload/RETINA.app/AppIcon20x20@2x.png
copying file ./Payload/RETINA.app/MainViewController.nib/objects-13.0+.nib ... 
2020-02-08 03:58:28 +0000  980 bytes for ./Payload/RETINA.app/MainViewController.nib/objects-13.0+.nib
copying file ./Payload/RETINA.app/MainViewController.nib/runtime.nib ... 
2020-02-08 03:58:28 +0000  980 bytes for ./Payload/RETINA.app/MainViewController.nib/runtime.nib
copying file ./Payload/RETINA.app/AppIcon57x57.png ... 
2020-02-08 03:58:28 +0000  2659 bytes for ./Payload/RETINA.app/AppIcon57x57.png
copying file ./Payload/RETINA.app/AppIcon20x20@3x.png ... 
2020-02-08 03:58:28 +0000  2771 bytes for ./Payload/RETINA.app/AppIcon20x20@3x.png
copying file ./Payload/RETINA.app/AppIcon29x29.png ... 
2020-02-08 03:58:28 +0000  1322 bytes for ./Payload/RETINA.app/AppIcon29x29.png
copying file ./Payload/RETINA.app/LaunchImage-568h@2x.png ... 
2020-02-08 03:58:28 +0000  19410 bytes for ./Payload/RETINA.app/LaunchImage-568h@2x.png
copying file ./Payload/RETINA.app/AppIcon60x60@2x.png ... 
2020-02-08 03:58:28 +0000  5849 bytes for ./Payload/RETINA.app/AppIcon60x60@2x.png
copying file ./Payload/RETINA.app/AppIcon72x72@2x~ipad.png ... 
2020-02-08 03:58:28 +0000  7017 bytes for ./Payload/RETINA.app/AppIcon72x72@2x~ipad.png
copying file ./Payload/RETINA.app/AppIcon29x29@2x.png ... 
2020-02-08 03:58:28 +0000  2698 bytes for ./Payload/RETINA.app/AppIcon29x29@2x.png
copying file ./Payload/RETINA.app/LaunchImage-1100-Landscape-2436h@3x.png ... 
2020-02-08 03:58:28 +0000  53986 bytes for ./Payload/RETINA.app/LaunchImage-1100-Landscape-2436h@3x.png
copying file ./Payload/RETINA.app/LaunchImage-800-667h@2x.png ... 
2020-02-08 03:58:28 +0000  23857 bytes for ./Payload/RETINA.app/LaunchImage-800-667h@2x.png
copying file ./Payload/RETINA.app/LaunchImage-Portrait@2x~ipad.png ... 
2020-02-08 03:58:28 +0000  45962 bytes for ./Payload/RETINA.app/LaunchImage-Portrait@2x~ipad.png
copying file ./Payload/RETINA.app/AppIcon40x40@3x.png ... 
2020-02-08 03:58:28 +0000  5849 bytes for ./Payload/RETINA.app/AppIcon40x40@3x.png
copying file ./Payload/RETINA.app/AppIcon57x57@2x.png ... 
2020-02-08 03:58:28 +0000  5538 bytes for ./Payload/RETINA.app/AppIcon57x57@2x.png
copying file ./Payload/RETINA.app/AppIcon29x29~ipad.png ... 
2020-02-08 03:58:28 +0000  1322 bytes for ./Payload/RETINA.app/AppIcon29x29~ipad.png
copying file ./Payload/RETINA.app/AppIcon40x40@2x.png ... 
2020-02-08 03:58:28 +0000  4110 bytes for ./Payload/RETINA.app/AppIcon40x40@2x.png
copying file ./Payload/RETINA.app/LaunchImage-Portrait~ipad.png ... 
2020-02-08 03:58:28 +0000  18032 bytes for ./Payload/RETINA.app/LaunchImage-Portrait~ipad.png
2020-02-08 03:58:28 +0000  copying file ./Payload/RETINA.app/AppIcon29x29@3x.png ... 
2020-02-08 03:58:28 +0000  4364 bytes for ./Payload/RETINA.app/AppIcon29x29@3x.png
copying file ./Payload/RETINA.app/AppIcon60x60@3x.png ... 
2020-02-08 03:58:28 +0000  8578 bytes for ./Payload/RETINA.app/AppIcon60x60@3x.png
2020-02-08 03:58:28 +0000  copying file ./Payload/RETINA.app/config.xml ... 
2020-02-08 03:58:28 +0000  3707 bytes for ./Payload/RETINA.app/config.xml
copying file ./Payload/RETINA.app/www/index.html ... 
2020-02-08 03:58:28 +0000  1989 bytes for ./Payload/RETINA.app/www/index.html
copying file ./Payload/RETINA.app/www/cordova.js ... 
2020-02-08 03:58:28 +0000  69177 bytes for ./Payload/RETINA.app/www/cordova.js
2020-02-08 03:58:28 +0000  copying file ./Payload/RETINA.app/www/css/app.1bd19ddc.css ... 
2020-02-08 03:58:28 +0000  73693 bytes for ./Payload/RETINA.app/www/css/app.1bd19ddc.css
copying file ./Payload/RETINA.app/www/css/chunk-vendors.d4504d4a.css ... 
2020-02-08 03:58:28 +0000  39790 bytes for ./Payload/RETINA.app/www/css/chunk-vendors.d4504d4a.css
2020-02-08 03:58:28 +0000  copying file ./Payload/RETINA.app/www/plugins/cordova-plugin-printer/www/printer.js ... 
2020-02-08 03:58:28 +0000  4961 bytes for ./Payload/RETINA.app/www/plugins/cordova-plugin-printer/www/printer.js
2020-02-08 03:58:28 +0000  copying file ./Payload/RETINA.app/www/plugins/cordova-plugin-device/www/device.js ... 
2020-02-08 03:58:28 +0000  3070 bytes for ./Payload/RETINA.app/www/plugins/cordova-plugin-device/www/device.js
2020-02-08 03:58:28 +0000  copying file ./Payload/RETINA.app/www/plugins/phonegap-nfc/www/phonegap-nfc.js ... 
2020-02-08 03:58:28 +0000  27356 bytes for ./Payload/RETINA.app/www/plugins/phonegap-nfc/www/phonegap-nfc.js
2020-02-08 03:58:28 +0000  copying file ./Payload/RETINA.app/www/plugins/cordova-plugin-statusbar/www/statusbar.js ... 
2020-02-08 03:58:28 +0000  3489 bytes for ./Payload/RETINA.app/www/plugins/cordova-plugin-statusbar/www/statusbar.js
2020-02-08 03:58:28 +0000  copying file ./Payload/RETINA.app/www/plugins/cordova-plugin-splashscreen/www/splashscreen.js ... 
2020-02-08 03:58:28 +0000  1206 bytes for ./Payload/RETINA.app/www/plugins/cordova-plugin-splashscreen/www/splashscreen.js
copying file ./Payload/RETINA.app/www/js/chunk-vendors.f21fb1f1.js ... 
2020-02-08 03:58:28 +0000  1499522 bytes for ./Payload/RETINA.app/www/js/chunk-vendors.f21fb1f1.js
copying file ./Payload/RETINA.app/www/js/chunk-vendors.f21fb1f1.js.map ... 
2020-02-08 03:58:28 +0000  4839572 bytes for ./Payload/RETINA.app/www/js/chunk-vendors.f21fb1f1.js.map
2020-02-08 03:58:28 +0000  copying file ./Payload/RETINA.app/www/js/app.3ffc9ed7.js.map ... 
2020-02-08 03:58:28 +0000  586009 bytes for ./Payload/RETINA.app/www/js/app.3ffc9ed7.js.map
2020-02-08 03:58:28 +0000  copying file ./Payload/RETINA.app/www/js/app.3ffc9ed7.js ... 
2020-02-08 03:58:28 +0000  178445 bytes for ./Payload/RETINA.app/www/js/app.3ffc9ed7.js
2020-02-08 03:58:28 +0000  copying file ./Payload/RETINA.app/www/precache-manifest.94bba5155d199b1a0287d762df053211.js ... 
1590 bytes for ./Payload/RETINA.app/www/precache-manifest.94bba5155d199b1a0287d762df053211.js
2020-02-08 03:58:28 +0000  copying file ./Payload/RETINA.app/www/img/red_transparent_512x512.e59d660a.png ... 
2020-02-08 03:58:28 +0000  72668 bytes for ./Payload/RETINA.app/www/img/red_transparent_512x512.e59d660a.png
copying file ./Payload/RETINA.app/www/img/nfc.38d87468.svg ... 
2020-02-08 03:58:28 +0000  388 bytes for ./Payload/RETINA.app/www/img/nfc.38d87468.svg
copying file ./Payload/RETINA.app/www/static/white_192x192.png ... 
2020-02-08 03:58:28 +0000  17834 bytes for ./Payload/RETINA.app/www/static/white_192x192.png
copying file ./Payload/RETINA.app/www/static/icon-ios.png ... 
2020-02-08 03:58:28 +0000  55904 bytes for ./Payload/RETINA.app/www/static/icon-ios.png
copying file ./Payload/RETINA.app/www/static/icon-android.png ... 
2020-02-08 03:58:28 +0000  75733 bytes for ./Payload/RETINA.app/www/static/icon-android.png
2020-02-08 03:58:28 +0000  copying file ./Payload/RETINA.app/www/static/red_transparent_512x512.svg ... 
2020-02-08 03:58:28 +0000  98666 bytes for ./Payload/RETINA.app/www/static/red_transparent_512x512.svg
copying file ./Payload/RETINA.app/www/static/white_512x512.png ... 
2020-02-08 03:58:28 +0000  47082 bytes for ./Payload/RETINA.app/www/static/white_512x512.png
copying file ./Payload/RETINA.app/www/static/red_transparent_32x32.png ... 
2020-02-08 03:58:28 +0000  3194 bytes for ./Payload/RETINA.app/www/static/red_transparent_32x32.png
2020-02-08 03:58:28 +0000  copying file ./Payload/RETINA.app/www/static/white_transparent_512x512.png ... 
2020-02-08 03:58:28 +0000  46962 bytes for ./Payload/RETINA.app/www/static/white_transparent_512x512.png
2020-02-08 03:58:28 +0000  copying file ./Payload/RETINA.app/www/static/red_transparent_512x512.png ... 
2020-02-08 03:58:28 +0000  72668 bytes for ./Payload/RETINA.app/www/static/red_transparent_512x512.png
copying file ./Payload/RETINA.app/www/static/launch.png ... 
2020-02-08 03:58:28 +0000  55526 bytes for ./Payload/RETINA.app/www/static/launch.png
2020-02-08 03:58:28 +0000  copying file ./Payload/RETINA.app/www/cordova-js-src/exec.js ... 
2020-02-08 03:58:28 +0000  8877 bytes for ./Payload/RETINA.app/www/cordova-js-src/exec.js
2020-02-08 03:58:28 +0000  copying file ./Payload/RETINA.app/www/cordova-js-src/plugin/ios/logger.js ... 
2020-02-08 03:58:28 +0000  10233 bytes for ./Payload/RETINA.app/www/cordova-js-src/plugin/ios/logger.js
copying file ./Payload/RETINA.app/www/cordova-js-src/plugin/ios/console.js ... 
2020-02-08 03:58:28 +0000  6822 bytes for ./Payload/RETINA.app/www/cordova-js-src/plugin/ios/console.js
2020-02-08 03:58:28 +0000  copying file ./Payload/RETINA.app/www/cordova-js-src/platform.js ... 
2020-02-08 03:58:28 +0000  1168 bytes for ./Payload/RETINA.app/www/cordova-js-src/platform.js
copying file ./Payload/RETINA.app/www/manifest.json ... 
2020-02-08 03:58:28 +0000  406 bytes for ./Payload/RETINA.app/www/manifest.json
copying file ./Payload/RETINA.app/www/cordova_plugins.js ... 
2020-02-08 03:58:28 +0000  1468 bytes for ./Payload/RETINA.app/www/cordova_plugins.js
copying file ./Payload/RETINA.app/www/service-worker.js ... 
2020-02-08 03:58:28 +0000  962 bytes for ./Payload/RETINA.app/www/service-worker.js
copying file ./Payload/RETINA.app/LaunchImage-Landscape~ipad.png ... 
2020-02-08 03:58:28 +0000  18006 bytes for ./Payload/RETINA.app/LaunchImage-Landscape~ipad.png
copying file ./Payload/RETINA.app/LaunchImage-700-Portrait~ipad.png ... 
2020-02-08 03:58:28 +0000  18032 bytes for ./Payload/RETINA.app/LaunchImage-700-Portrait~ipad.png
copying file ./Payload/RETINA.app/Assets.car ... 
2020-02-08 03:58:28 +0000  222328 bytes for ./Payload/RETINA.app/Assets.car
copying file ./Payload/RETINA.app/AppIcon40x40@2x~ipad.png ... 
2020-02-08 03:58:28 +0000  4110 bytes for ./Payload/RETINA.app/AppIcon40x40@2x~ipad.png
copying file ./Payload/RETINA.app/AppIcon76x76@2x~ipad.png ... 
2020-02-08 03:58:28 +0000  7367 bytes for ./Payload/RETINA.app/AppIcon76x76@2x~ipad.png
copying file ./Payload/RETINA.app/LaunchImage-800-Portrait-736h@3x.png ... 
2020-02-08 03:58:28 +0000  40508 bytes for ./Payload/RETINA.app/LaunchImage-800-Portrait-736h@3x.png
2020-02-08 03:58:28 +0000  copying file ./Payload/RETINA.app/AppIcon72x72~ipad.png ... 
2020-02-08 03:58:28 +0000  3646 bytes for ./Payload/RETINA.app/AppIcon72x72~ipad.png
2020-02-08 03:58:28 +0000  copying file ./Payload/RETINA.app/CDVLaunchScreen.storyboardc/01J-lp-oVM-view-Ze5-6b-2t3.nib/objects-13.0+.nib ... 
2020-02-08 03:58:28 +0000  2331 bytes for ./Payload/RETINA.app/CDVLaunchScreen.storyboardc/01J-lp-oVM-view-Ze5-6b-2t3.nib/objects-13.0+.nib
copying file ./Payload/RETINA.app/CDVLaunchScreen.storyboardc/01J-lp-oVM-view-Ze5-6b-2t3.nib/runtime.nib ... 
2020-02-08 03:58:28 +0000  2326 bytes for ./Payload/RETINA.app/CDVLaunchScreen.storyboardc/01J-lp-oVM-view-Ze5-6b-2t3.nib/runtime.nib
2020-02-08 03:58:28 +0000  copying file ./Payload/RETINA.app/CDVLaunchScreen.storyboardc/UIViewController-01J-lp-oVM.nib/objects-13.0+.nib ... 
2020-02-08 03:58:28 +0000  896 bytes for ./Payload/RETINA.app/CDVLaunchScreen.storyboardc/UIViewController-01J-lp-oVM.nib/objects-13.0+.nib
copying file ./Payload/RETINA.app/CDVLaunchScreen.storyboardc/UIViewController-01J-lp-oVM.nib/runtime.nib ... 
2020-02-08 03:58:28 +0000  896 bytes for ./Payload/RETINA.app/CDVLaunchScreen.storyboardc/UIViewController-01J-lp-oVM.nib/runtime.nib
2020-02-08 03:58:28 +0000  copying file ./Payload/RETINA.app/CDVLaunchScreen.storyboardc/Info.plist ... 
258 bytes for ./Payload/RETINA.app/CDVLaunchScreen.storyboardc/Info.plist
copying file ./Payload/RETINA.app/LaunchImage-700@2x.png ... 
2020-02-08 03:58:28 +0000  16262 bytes for ./Payload/RETINA.app/LaunchImage-700@2x.png
copying file ./Payload/RETINA.app/AppIcon83.5x83.5@2x~ipad.png ... 
2020-02-08 03:58:28 +0000  7935 bytes for ./Payload/RETINA.app/AppIcon83.5x83.5@2x~ipad.png
copying file ./Payload/RETINA.app/LaunchImage-700-568h@2x.png ... 
2020-02-08 03:58:28 +0000  19410 bytes for ./Payload/RETINA.app/LaunchImage-700-568h@2x.png
copying file ./Payload/RETINA.app/LaunchImage-Landscape@2x~ipad.png ... 
2020-02-08 03:58:28 +0000  45763 bytes for ./Payload/RETINA.app/LaunchImage-Landscape@2x~ipad.png
copying file ./Payload/RETINA.app/AppIcon50x50~ipad.png ... 
2020-02-08 03:58:28 +0000  2381 bytes for ./Payload/RETINA.app/AppIcon50x50~ipad.png
copying file ./Payload/RETINA.app/AppIcon29x29@2x~ipad.png ... 
2020-02-08 03:58:28 +0000  2698 bytes for ./Payload/RETINA.app/AppIcon29x29@2x~ipad.png
copying file ./Payload/RETINA.app/LaunchImage-700-Landscape@2x~ipad.png ... 
2020-02-08 03:58:28 +0000  45763 bytes for ./Payload/RETINA.app/LaunchImage-700-Landscape@2x~ipad.png
copying file ./Payload/RETINA.app/AppIcon50x50@2x~ipad.png ... 
2020-02-08 03:58:28 +0000  4912 bytes for ./Payload/RETINA.app/AppIcon50x50@2x~ipad.png
copying file ./Payload/RETINA.app/AppIcon40x40~ipad.png ... 
2020-02-08 03:58:28 +0000  1664 bytes for ./Payload/RETINA.app/AppIcon40x40~ipad.png
copying file ./Payload/RETINA.app/AppIcon20x20~ipad.png ... 
2020-02-08 03:58:28 +0000  966 bytes for ./Payload/RETINA.app/AppIcon20x20~ipad.png
copying file ./Payload/RETINA.app/LaunchImage.png ... 
2020-02-08 03:58:28 +0000  7191 bytes for ./Payload/RETINA.app/LaunchImage.png
copying file ./Payload/RETINA.app/embedded.mobileprovision ... 
2020-02-08 03:58:28 +0000  7430 bytes for ./Payload/RETINA.app/embedded.mobileprovision
copying file ./Payload/RETINA.app/LaunchImage-800-Landscape-736h@3x.png ... 
2020-02-08 03:58:28 +0000  39900 bytes for ./Payload/RETINA.app/LaunchImage-800-Landscape-736h@3x.png
copying file ./Payload/RETINA.app/LaunchImage-700-Portrait@2x~ipad.png ... 
2020-02-08 03:58:28 +0000  45962 bytes for ./Payload/RETINA.app/LaunchImage-700-Portrait@2x~ipad.png
2020-02-08 03:58:28 +0000  copying file ./Payload/RETINA.app/LaunchImage-700-Landscape~ipad.png ... 
2020-02-08 03:58:28 +0000  18006 bytes for ./Payload/RETINA.app/LaunchImage-700-Landscape~ipad.png
2020-02-08 03:58:28 +0000  copying file ./Payload/RETINA.app/AppIcon20x20@2x~ipad.png ... 
2020-02-08 03:58:28 +0000  1664 bytes for ./Payload/RETINA.app/AppIcon20x20@2x~ipad.png
copying file ./Payload/RETINA.app/Info.plist ... 
2020-02-08 03:58:28 +0000  2231 bytes for ./Payload/RETINA.app/Info.plist
2020-02-08 03:58:28 +0000  copying file ./Payload/RETINA.app/PkgInfo ... 
8 bytes for ./Payload/RETINA.app/PkgInfo
copying file ./Payload/RETINA.app/AppIcon76x76~ipad.png ... 
2020-02-08 03:58:28 +0000  3842 bytes for ./Payload/RETINA.app/AppIcon76x76~ipad.png
2020-02-08 03:58:28 +0000  /usr/bin/ditto exited with 0
2020-02-08 03:58:28 +0000  Processing step: IDEDistributionAppStoreInformationStep
2020-02-08 03:58:28 +0000  Skipping step: IDEDistributionAppStoreInformationStep because it said so
2020-02-08 03:58:28 +0000  Processing step: IDEDistributionGenerateProcessedDistributionItems
2020-02-08 03:58:28 +0000  Processing step: IDEDistributionCreateManifestStep
